<?xml version="1.0" encoding="UTF-8"?>
<!-- Generated by org.testng.reporters.JUnitXMLReporter -->
<testsuite hostname="DESKTOP-IG7NEEC" ignored="0" name="Test" tests="2" failures="2" timestamp="17 Nov 2018 16:19:53 GMT" time="0.081" errors="0">
  <testcase name="failConsciously" time="0.019" classname="package1.AssertStmt">
    <failure type="java.lang.AssertionError" message="expected [true] but found [false]">
      <![CDATA[java.lang.AssertionError: expected [true] but found [false]
at package1.AssertStmt.failConsciously(AssertStmt.java:30)
... Removed 29 stack frames]]>
    </failure>
  </testcase> <!-- failConsciously -->
  <testcase name="positiveDigit" time="0.004" classname="package1.AssertStmt">
    <failure type="java.lang.AssertionError" message="expected [true] but found [false]">
      <![CDATA[java.lang.AssertionError: expected [true] but found [false]
at package1.AssertStmt.positiveDigit(AssertStmt.java:23)
... Removed 29 stack frames]]>
    </failure>
  </testcase> <!-- positiveDigit -->
</testsuite> <!-- Test -->
